
*** Running vivado
    with args -log PC.vds -m64 -product Vivado -mode batch -messageDb vivado.pb -notrace -source PC.tcl


****** Vivado v2019.2 (64-bit)
  **** SW Build 2708876 on Wed Nov  6 21:39:14 MST 2019
  **** IP Build 2700528 on Thu Nov  7 00:09:20 MST 2019
    ** Copyright 1986-2019 Xilinx, Inc. All Rights Reserved.

source PC.tcl -notrace
Command: synth_design -top PC -part xc7k70tfbv676-1
Starting synth_design
Attempting to get a license for feature 'Synthesis' and/or device 'xc7k70t'
INFO: [Common 17-349] Got license for feature 'Synthesis' and/or device 'xc7k70t'
INFO: Launching helper process for spawning children vivado processes
INFO: Helper process launched with PID 27504 
---------------------------------------------------------------------------------
Starting Synthesize : Time (s): cpu = 00:00:03 ; elapsed = 00:00:04 . Memory (MB): peak = 1574.457 ; gain = 133.109 ; free physical = 253 ; free virtual = 20764
---------------------------------------------------------------------------------
INFO: [Synth 8-638] synthesizing module 'PC' [/home/v/d/vdosias/project_1/project_1.srcs/sources_1/new/PC.vhd:45]
INFO: [Synth 8-256] done synthesizing module 'PC' (1#1) [/home/v/d/vdosias/project_1/project_1.srcs/sources_1/new/PC.vhd:45]
---------------------------------------------------------------------------------
Finished Synthesize : Time (s): cpu = 00:00:04 ; elapsed = 00:00:05 . Memory (MB): peak = 1635.207 ; gain = 193.859 ; free physical = 288 ; free virtual = 20799
---------------------------------------------------------------------------------
---------------------------------------------------------------------------------
Finished Constraint Validation : Time (s): cpu = 00:00:04 ; elapsed = 00:00:06 . Memory (MB): peak = 1638.176 ; gain = 196.828 ; free physical = 288 ; free virtual = 20798
---------------------------------------------------------------------------------
---------------------------------------------------------------------------------
Start Loading Part and Timing Information
---------------------------------------------------------------------------------
Loading part: xc7k70tfbv676-1
---------------------------------------------------------------------------------
INFO: [Device 21-403] Loading part xc7k70tfbv676-1
Finished Loading Part and Timing Information : Time (s): cpu = 00:00:04 ; elapsed = 00:00:06 . Memory (MB): peak = 1646.180 ; gain = 204.832 ; free physical = 287 ; free virtual = 20797
---------------------------------------------------------------------------------
WARNING: [Synth 8-327] inferring latch for variable 'sortie_reg' [/home/v/d/vdosias/project_1/project_1.srcs/sources_1/new/PC.vhd:52]
---------------------------------------------------------------------------------
Finished RTL Optimization Phase 2 : Time (s): cpu = 00:00:04 ; elapsed = 00:00:06 . Memory (MB): peak = 1652.117 ; gain = 210.770 ; free physical = 278 ; free virtual = 20789
---------------------------------------------------------------------------------

Report RTL Partitions: 
+-+--------------+------------+----------+
| |RTL Partition |Replication |Instances |
+-+--------------+------------+----------+
+-+--------------+------------+----------+
No constraint files found.
---------------------------------------------------------------------------------
Start RTL Component Statistics 
---------------------------------------------------------------------------------
Detailed RTL Component Info : 
+---Adders : 
	   2 Input      8 Bit       Adders := 1     
+---Muxes : 
	   4 Input      8 Bit        Muxes := 1     
	   4 Input      1 Bit        Muxes := 1     
---------------------------------------------------------------------------------
Finished RTL Component Statistics 
---------------------------------------------------------------------------------
---------------------------------------------------------------------------------
Start RTL Hierarchical Component Statistics 
---------------------------------------------------------------------------------
Hierarchical RTL Component report 
Module PC 
Detailed RTL Component Info : 
+---Adders : 
	   2 Input      8 Bit       Adders := 1     
+---Muxes : 
	   4 Input      8 Bit        Muxes := 1     
	   4 Input      1 Bit        Muxes := 1     
---------------------------------------------------------------------------------
Finished RTL Hierarchical Component Statistics
---------------------------------------------------------------------------------
---------------------------------------------------------------------------------
Start Part Resource Summary
---------------------------------------------------------------------------------
Part Resources:
DSPs: 240 (col length:80)
BRAMs: 270 (col length: RAMB18 80 RAMB36 40)
---------------------------------------------------------------------------------
Finished Part Resource Summary
---------------------------------------------------------------------------------
No constraint files found.
---------------------------------------------------------------------------------
Start Cross Boundary and Area Optimization
---------------------------------------------------------------------------------
Warning: Parallel synthesis criteria is not met 
---------------------------------------------------------------------------------
Finished Cross Boundary and Area Optimization : Time (s): cpu = 00:00:08 ; elapsed = 00:00:11 . Memory (MB): peak = 1771.398 ; gain = 330.051 ; free physical = 173 ; free virtual = 20568
---------------------------------------------------------------------------------

Report RTL Partitions: 
+-+--------------+------------+----------+
| |RTL Partition |Replication |Instances |
+-+--------------+------------+----------+
+-+--------------+------------+----------+
No constraint files found.
---------------------------------------------------------------------------------
Start Timing Optimization
---------------------------------------------------------------------------------
---------------------------------------------------------------------------------
Finished Timing Optimization : Time (s): cpu = 00:00:08 ; elapsed = 00:00:11 . Memory (MB): peak = 1771.398 ; gain = 330.051 ; free physical = 172 ; free virtual = 20566
---------------------------------------------------------------------------------

Report RTL Partitions: 
+-+--------------+------------+----------+
| |RTL Partition |Replication |Instances |
+-+--------------+------------+----------+
+-+--------------+------------+----------+
---------------------------------------------------------------------------------
Start Technology Mapping
---------------------------------------------------------------------------------
---------------------------------------------------------------------------------
Finished Technology Mapping : Time (s): cpu = 00:00:08 ; elapsed = 00:00:11 . Memory (MB): peak = 1771.398 ; gain = 330.051 ; free physical = 172 ; free virtual = 20566
---------------------------------------------------------------------------------

Report RTL Partitions: 
+-+--------------+------------+----------+
| |RTL Partition |Replication |Instances |
+-+--------------+------------+----------+
+-+--------------+------------+----------+
---------------------------------------------------------------------------------
Start IO Insertion
---------------------------------------------------------------------------------
---------------------------------------------------------------------------------
Start Flattening Before IO Insertion
---------------------------------------------------------------------------------
---------------------------------------------------------------------------------
Finished Flattening Before IO Insertion
---------------------------------------------------------------------------------
---------------------------------------------------------------------------------
Start Final Netlist Cleanup
---------------------------------------------------------------------------------
---------------------------------------------------------------------------------
Finished Final Netlist Cleanup
---------------------------------------------------------------------------------
---------------------------------------------------------------------------------
Finished IO Insertion : Time (s): cpu = 00:00:11 ; elapsed = 00:00:14 . Memory (MB): peak = 1771.398 ; gain = 330.051 ; free physical = 171 ; free virtual = 20567
---------------------------------------------------------------------------------
---------------------------------------------------------------------------------
Start Renaming Generated Instances
---------------------------------------------------------------------------------
---------------------------------------------------------------------------------
Finished Renaming Generated Instances : Time (s): cpu = 00:00:11 ; elapsed = 00:00:14 . Memory (MB): peak = 1771.398 ; gain = 330.051 ; free physical = 171 ; free virtual = 20567
---------------------------------------------------------------------------------

Report RTL Partitions: 
+-+--------------+------------+----------+
| |RTL Partition |Replication |Instances |
+-+--------------+------------+----------+
+-+--------------+------------+----------+
CRITICAL WARNING: [Synth 8-6859] multi-driven net on pin sortie_OBUF[7] with 1st driver pin 'sortie_reg[7]/Q' [/home/v/d/vdosias/project_1/project_1.srcs/sources_1/new/PC.vhd:52]
CRITICAL WARNING: [Synth 8-6859] multi-driven net on pin sortie_OBUF[7] with 2nd driver pin 'pc_reg[7]/Q' [/home/v/d/vdosias/project_1/project_1.srcs/sources_1/new/PC.vhd:58]
CRITICAL WARNING: [Synth 8-6859] multi-driven net on pin sortie_OBUF[6] with 1st driver pin 'sortie_reg[6]/Q' [/home/v/d/vdosias/project_1/project_1.srcs/sources_1/new/PC.vhd:52]
CRITICAL WARNING: [Synth 8-6859] multi-driven net on pin sortie_OBUF[6] with 2nd driver pin 'pc_reg[6]/Q' [/home/v/d/vdosias/project_1/project_1.srcs/sources_1/new/PC.vhd:58]
CRITICAL WARNING: [Synth 8-6859] multi-driven net on pin sortie_OBUF[5] with 1st driver pin 'sortie_reg[5]/Q' [/home/v/d/vdosias/project_1/project_1.srcs/sources_1/new/PC.vhd:52]
CRITICAL WARNING: [Synth 8-6859] multi-driven net on pin sortie_OBUF[5] with 2nd driver pin 'pc_reg[5]/Q' [/home/v/d/vdosias/project_1/project_1.srcs/sources_1/new/PC.vhd:58]
CRITICAL WARNING: [Synth 8-6859] multi-driven net on pin sortie_OBUF[4] with 1st driver pin 'sortie_reg[4]/Q' [/home/v/d/vdosias/project_1/project_1.srcs/sources_1/new/PC.vhd:52]
CRITICAL WARNING: [Synth 8-6859] multi-driven net on pin sortie_OBUF[4] with 2nd driver pin 'pc_reg[4]/Q' [/home/v/d/vdosias/project_1/project_1.srcs/sources_1/new/PC.vhd:58]
CRITICAL WARNING: [Synth 8-6859] multi-driven net on pin sortie_OBUF[3] with 1st driver pin 'sortie_reg[3]/Q' [/home/v/d/vdosias/project_1/project_1.srcs/sources_1/new/PC.vhd:52]
CRITICAL WARNING: [Synth 8-6859] multi-driven net on pin sortie_OBUF[3] with 2nd driver pin 'pc_reg[3]/Q' [/home/v/d/vdosias/project_1/project_1.srcs/sources_1/new/PC.vhd:58]
CRITICAL WARNING: [Synth 8-6859] multi-driven net on pin sortie_OBUF[2] with 1st driver pin 'sortie_reg[2]/Q' [/home/v/d/vdosias/project_1/project_1.srcs/sources_1/new/PC.vhd:52]
CRITICAL WARNING: [Synth 8-6859] multi-driven net on pin sortie_OBUF[2] with 2nd driver pin 'pc_reg[2]/Q' [/home/v/d/vdosias/project_1/project_1.srcs/sources_1/new/PC.vhd:58]
CRITICAL WARNING: [Synth 8-6859] multi-driven net on pin sortie_OBUF[1] with 1st driver pin 'sortie_reg[1]/Q' [/home/v/d/vdosias/project_1/project_1.srcs/sources_1/new/PC.vhd:52]
CRITICAL WARNING: [Synth 8-6859] multi-driven net on pin sortie_OBUF[1] with 2nd driver pin 'pc_reg[1]/Q' [/home/v/d/vdosias/project_1/project_1.srcs/sources_1/new/PC.vhd:58]
CRITICAL WARNING: [Synth 8-6859] multi-driven net on pin sortie_OBUF[0] with 1st driver pin 'sortie_reg[0]/Q' [/home/v/d/vdosias/project_1/project_1.srcs/sources_1/new/PC.vhd:52]
CRITICAL WARNING: [Synth 8-6859] multi-driven net on pin sortie_OBUF[0] with 2nd driver pin 'pc_reg[0]/Q' [/home/v/d/vdosias/project_1/project_1.srcs/sources_1/new/PC.vhd:58]

Report Check Netlist: 
+------+------------------+-------+---------+-------+------------------+
|      |Item              |Errors |Warnings |Status |Description       |
+------+------------------+-------+---------+-------+------------------+
|1     |multi_driven_nets |      0|        8|Failed |Multi driven nets |
+------+------------------+-------+---------+-------+------------------+
---------------------------------------------------------------------------------
Start Rebuilding User Hierarchy
---------------------------------------------------------------------------------
---------------------------------------------------------------------------------
Finished Rebuilding User Hierarchy : Time (s): cpu = 00:00:11 ; elapsed = 00:00:14 . Memory (MB): peak = 1771.398 ; gain = 330.051 ; free physical = 171 ; free virtual = 20567
---------------------------------------------------------------------------------
---------------------------------------------------------------------------------
Start Renaming Generated Ports
---------------------------------------------------------------------------------
---------------------------------------------------------------------------------
Finished Renaming Generated Ports : Time (s): cpu = 00:00:11 ; elapsed = 00:00:14 . Memory (MB): peak = 1771.398 ; gain = 330.051 ; free physical = 171 ; free virtual = 20567
---------------------------------------------------------------------------------
---------------------------------------------------------------------------------
Start Handling Custom Attributes
---------------------------------------------------------------------------------
---------------------------------------------------------------------------------
Finished Handling Custom Attributes : Time (s): cpu = 00:00:11 ; elapsed = 00:00:14 . Memory (MB): peak = 1771.398 ; gain = 330.051 ; free physical = 171 ; free virtual = 20567
---------------------------------------------------------------------------------
---------------------------------------------------------------------------------
Start Renaming Generated Nets
---------------------------------------------------------------------------------
---------------------------------------------------------------------------------
Finished Renaming Generated Nets : Time (s): cpu = 00:00:11 ; elapsed = 00:00:14 . Memory (MB): peak = 1771.398 ; gain = 330.051 ; free physical = 171 ; free virtual = 20567
---------------------------------------------------------------------------------
---------------------------------------------------------------------------------
Start Writing Synthesis Report
---------------------------------------------------------------------------------

Report BlackBoxes: 
+-+--------------+----------+
| |BlackBox name |Instances |
+-+--------------+----------+
+-+--------------+----------+

Report Cell Usage: 
+------+-----+------+
|      |Cell |Count |
+------+-----+------+
|1     |BUFG |     2|
|2     |LUT2 |     1|
|3     |LUT3 |     2|
|4     |LUT4 |     2|
|5     |LUT5 |     2|
|6     |LUT6 |     8|
|7     |FDRE |     8|
|8     |LD   |     8|
|9     |IBUF |    21|
|10    |OBUF |     8|
+------+-----+------+

Report Instance Areas: 
+------+---------+-------+------+
|      |Instance |Module |Cells |
+------+---------+-------+------+
|1     |top      |       |    62|
+------+---------+-------+------+
---------------------------------------------------------------------------------
Finished Writing Synthesis Report : Time (s): cpu = 00:00:11 ; elapsed = 00:00:14 . Memory (MB): peak = 1771.398 ; gain = 330.051 ; free physical = 171 ; free virtual = 20567
---------------------------------------------------------------------------------
Synthesis finished with 0 errors, 16 critical warnings and 1 warnings.
Synthesis Optimization Runtime : Time (s): cpu = 00:00:11 ; elapsed = 00:00:14 . Memory (MB): peak = 1771.398 ; gain = 330.051 ; free physical = 174 ; free virtual = 20570
Synthesis Optimization Complete : Time (s): cpu = 00:00:11 ; elapsed = 00:00:14 . Memory (MB): peak = 1771.406 ; gain = 330.051 ; free physical = 174 ; free virtual = 20570
INFO: [Project 1-571] Translating synthesized netlist
Netlist sorting complete. Time (s): cpu = 00:00:00 ; elapsed = 00:00:00 . Memory (MB): peak = 1784.273 ; gain = 0.000 ; free physical = 246 ; free virtual = 20642
INFO: [Netlist 29-17] Analyzing 8 Unisim elements for replacement
INFO: [Netlist 29-28] Unisim Transformation completed in 0 CPU seconds
INFO: [Project 1-570] Preparing netlist for logic optimization
INFO: [Opt 31-138] Pushed 0 inverter(s) to 0 load pin(s).
Netlist sorting complete. Time (s): cpu = 00:00:00 ; elapsed = 00:00:00 . Memory (MB): peak = 1856.992 ; gain = 0.000 ; free physical = 168 ; free virtual = 20556
INFO: [Project 1-111] Unisim Transformation Summary:
  A total of 8 instances were transformed.
  LD => LDCE: 8 instances

INFO: [Common 17-83] Releasing license: Synthesis
11 Infos, 1 Warnings, 16 Critical Warnings and 0 Errors encountered.
synth_design completed successfully
synth_design: Time (s): cpu = 00:00:15 ; elapsed = 00:00:26 . Memory (MB): peak = 1856.992 ; gain = 417.902 ; free physical = 295 ; free virtual = 20682
Netlist sorting complete. Time (s): cpu = 00:00:00 ; elapsed = 00:00:00 . Memory (MB): peak = 1856.992 ; gain = 0.000 ; free physical = 297 ; free virtual = 20684
WARNING: [Constraints 18-5210] No constraints selected for write.
Resolution: This message can indicate that there are no constraints for the design, or it can indicate that the used_in flags are set such that the constraints are ignored. This later case is used when running synth_design to not write synthesis constraints to the resulting checkpoint. Instead, project constraints are read when the synthesized design is opened.
INFO: [Common 17-1381] The checkpoint '/home/v/d/vdosias/project_1/project_1.runs/synth_1/PC.dcp' has been generated.
INFO: [runtcl-4] Executing : report_utilization -file PC_utilization_synth.rpt -pb PC_utilization_synth.pb
INFO: [Common 17-206] Exiting Vivado at Tue Oct 26 11:54:46 2021...
